# JRE version: OpenJDK Runtime Environment Temurin-17.0.7+7 (17.0.7+7) (build 17.0.7+7)
# Java VM: OpenJDK 64-Bit Server VM Temurin-17.0.7+7 (17.0.7+7, mixed mode, sharing, tiered, compressed oops, compressed class ptrs, g1 gc, windows-amd64)
GC Precious Log:
 CPUs: 8 total, 8 available
 Memory: 8070M
 Large Page Support: Disabled
 NUMA Support: Disabled
 Compressed Oops: Enabled (Zero based)
 Heap Region Size: 2M
 Heap Min Capacity: 512M
 Heap Initial Capacity: 512M
 Heap Max Capacity: 4072M
 Pre-touch: Disabled
 Parallel Workers: 8
 Concurrent Workers: 2
 Concurrent Refinement Workers: 8
 Periodic GC: Disabled
 String Deduplication is enabled
Heap:
 garbage-first heap   total 524288K, used 161112K [0x0000000701800000, 0x0000000800000000)
  region size 2048K, 31 young (63488K), 1 survivors (2048K)
 Metaspace       used 88074K, committed 89344K, reserved 1179648K
  class space    used 11480K, committed 12032K, reserved 1048576K
GC Heap History (20 events):
Event: 4799.319 GC heap before
{Heap before GC invocations=686 (full 428):
 garbage-first heap   total 524288K, used 180584K [0x0000000701800000, 0x0000000800000000)
  region size 2048K, 40 young (81920K), 1 survivors (2048K)
 Metaspace       used 87938K, committed 89344K, reserved 1179648K
  class space    used 11481K, committed 12032K, reserved 1048576K
}
Event: 4799.322 GC heap after
{Heap after GC invocations=687 (full 428):
 garbage-first heap   total 524288K, used 101305K [0x0000000701800000, 0x0000000800000000)
  region size 2048K, 1 young (2048K), 1 survivors (2048K)
 Metaspace       used 87938K, committed 89344K, reserved 1179648K
  class space    used 11481K, committed 12032K, reserved 1048576K
}
Event: 4800.247 GC heap before
{Heap before GC invocations=687 (full 428):
 garbage-first heap   total 524288K, used 181177K [0x0000000701800000, 0x0000000800000000)
  region size 2048K, 40 young (81920K), 1 survivors (2048K)
 Metaspace       used 87938K, committed 89344K, reserved 1179648K
  class space    used 11481K, committed 12032K, reserved 1048576K
}
Event: 4800.250 GC heap after
{Heap after GC invocations=688 (full 428):
 garbage-first heap   total 524288K, used 100960K [0x0000000701800000, 0x0000000800000000)
  region size 2048K, 1 young (2048K), 1 survivors (2048K)
 Metaspace       used 87938K, committed 89344K, reserved 1179648K
  class space    used 11481K, committed 12032K, reserved 1048576K
}
Event: 4811.663 GC heap before
{Heap before GC invocations=688 (full 428):
 garbage-first heap   total 524288K, used 180832K [0x0000000701800000, 0x0000000800000000)
  region size 2048K, 40 young (81920K), 1 survivors (2048K)
 Metaspace       used 87941K, committed 89344K, reserved 1179648K
  class space    used 11481K, committed 12032K, reserved 1048576K
}
Event: 4811.666 GC heap after
{Heap after GC invocations=689 (full 428):
 garbage-first heap   total 524288K, used 100916K [0x0000000701800000, 0x0000000800000000)
  region size 2048K, 1 young (2048K), 1 survivors (2048K)
 Metaspace       used 87941K, committed 89344K, reserved 1179648K
  class space    used 11481K, committed 12032K, reserved 1048576K
}
Event: 4815.362 GC heap before
{Heap before GC invocations=689 (full 428):
 garbage-first heap   total 524288K, used 180788K [0x0000000701800000, 0x0000000800000000)
  region size 2048K, 40 young (81920K), 1 survivors (2048K)
 Metaspace       used 87955K, committed 89344K, reserved 1179648K
  class space    used 11481K, committed 12032K, reserved 1048576K
}
Event: 4815.366 GC heap after
{Heap after GC invocations=690 (full 428):
 garbage-first heap   total 524288K, used 101476K [0x0000000701800000, 0x0000000800000000)
  region size 2048K, 1 young (2048K), 1 survivors (2048K)
 Metaspace       used 87955K, committed 89344K, reserved 1179648K
  class space    used 11481K, committed 12032K, reserved 1048576K
}
Event: 4816.436 GC heap before
{Heap before GC invocations=690 (full 428):
 garbage-first heap   total 524288K, used 181348K [0x0000000701800000, 0x0000000800000000)
  region size 2048K, 40 young (81920K), 1 survivors (2048K)
 Metaspace       used 87955K, committed 89344K, reserved 1179648K
  class space    used 11481K, committed 12032K, reserved 1048576K
}
Event: 4816.439 GC heap after
{Heap after GC invocations=691 (full 428):
 garbage-first heap   total 524288K, used 101040K [0x0000000701800000, 0x0000000800000000)
  region size 2048K, 1 young (2048K), 1 survivors (2048K)
 Metaspace       used 87955K, committed 89344K, reserved 1179648K
  class space    used 11481K, committed 12032K, reserved 1048576K
}
Event: 4817.219 GC heap before
{Heap before GC invocations=691 (full 428):
 garbage-first heap   total 524288K, used 180912K [0x0000000701800000, 0x0000000800000000)
  region size 2048K, 40 young (81920K), 1 survivors (2048K)
 Metaspace       used 87955K, committed 89344K, reserved 1179648K
  class space    used 11481K, committed 12032K, reserved 1048576K
}
Event: 4817.222 GC heap after
{Heap after GC invocations=692 (full 428):
 garbage-first heap   total 524288K, used 100992K [0x0000000701800000, 0x0000000800000000)
  region size 2048K, 1 young (2048K), 1 survivors (2048K)
 Metaspace       used 87955K, committed 89344K, reserved 1179648K
  class space    used 11481K, committed 12032K, reserved 1048576K
}
Event: 4832.049 GC heap before
{Heap before GC invocations=692 (full 428):
 garbage-first heap   total 524288K, used 180864K [0x0000000701800000, 0x0000000800000000)
  region size 2048K, 40 young (81920K), 1 survivors (2048K)
 Metaspace       used 88028K, committed 89344K, reserved 1179648K
  class space    used 11481K, committed 12032K, reserved 1048576K
}
Event: 4832.058 GC heap after
{Heap after GC invocations=693 (full 428):
 garbage-first heap   total 524288K, used 105617K [0x0000000701800000, 0x0000000800000000)
  region size 2048K, 3 young (6144K), 3 survivors (6144K)
 Metaspace       used 88028K, committed 89344K, reserved 1179648K
  class space    used 11481K, committed 12032K, reserved 1048576K
}
Event: 4833.127 GC heap before
{Heap before GC invocations=693 (full 428):
 garbage-first heap   total 524288K, used 152721K [0x0000000701800000, 0x0000000800000000)
  region size 2048K, 27 young (55296K), 3 survivors (6144K)
 Metaspace       used 88054K, committed 89344K, reserved 1179648K
  class space    used 11481K, committed 12032K, reserved 1048576K
}
Event: 4833.419 GC heap after
{Heap after GC invocations=694 (full 429):
 garbage-first heap   total 524288K, used 100329K [0x0000000701800000, 0x0000000800000000)
  region size 2048K, 0 young (0K), 0 survivors (0K)
 Metaspace       used 88050K, committed 89344K, reserved 1179648K
  class space    used 11480K, committed 12032K, reserved 1048576K
}
Event: 4839.583 GC heap before
{Heap before GC invocations=694 (full 429):
 garbage-first heap   total 524288K, used 182249K [0x0000000701800000, 0x0000000800000000)
  region size 2048K, 40 young (81920K), 0 survivors (0K)
 Metaspace       used 88053K, committed 89344K, reserved 1179648K
  class space    used 11480K, committed 12032K, reserved 1048576K
}
Event: 4839.592 GC heap after
{Heap after GC invocations=695 (full 429):
 garbage-first heap   total 524288K, used 101749K [0x0000000701800000, 0x0000000800000000)
  region size 2048K, 1 young (2048K), 1 survivors (2048K)
 Metaspace       used 88053K, committed 89344K, reserved 1179648K
  class space    used 11480K, committed 12032K, reserved 1048576K
}
Event: 4862.704 GC heap before
{Heap before GC invocations=695 (full 429):
 garbage-first heap   total 524288K, used 181621K [0x0000000701800000, 0x0000000800000000)
  region size 2048K, 40 young (81920K), 1 survivors (2048K)
 Metaspace       used 88056K, committed 89344K, reserved 1179648K
  class space    used 11480K, committed 12032K, reserved 1048576K
}
Event: 4862.710 GC heap after
{Heap after GC invocations=696 (full 429):
 garbage-first heap   total 524288K, used 101720K [0x0000000701800000, 0x0000000800000000)
  region size 2048K, 1 young (2048K), 1 survivors (2048K)
 Metaspace       used 88056K, committed 89344K, reserved 1179648K
  class space    used 11480K, committed 12032K, reserved 1048576K
}

